<?xml version="1.0" encoding="UTF-8"?>
<testsuite name="com.wordz.domain.WordTest" tests="1" skipped="0" failures="0" errors="0" timestamp="2024-01-22T21:20:22" hostname="LAPTOP-Q2J7ER9L" time="0.051">
  <properties/>
  <testcase name="oneIncorrectLetter()" classname="com.wordz.domain.WordTest" time="0.051"/>
  <system-out><![CDATA[]]></system-out>
  <system-err><![CDATA[]]></system-err>
</testsuite>
